Arguments: 
  /Users/wesblake/.nvm/versions/node/v9.3.0/bin/node /usr/local/bin/yarn run commit

PATH: 
  /Users/wesblake/virtualenvs/poet/bin:/Users/wesblake/.nvm/versions/node/v9.3.0/bin:/usr/local/bin:/usr/bin:/bin:/usr/sbin:/sbin:/usr/local/go/bin:/Library/Frameworks/Mono.framework/Versions/Current/Commands

Yarn version: 
  1.5.1

Node version: 
  9.3.0

Platform: 
  darwin x64

npm manifest: 
  {
    "name": "pubsub",
    "version": "0.0.0-development",
    "description": "RealKey PubSub service",
    "private": true,
    "main": "pusher.js",
    "scripts": {
      "start": "node server.js",
      "eslint": "node_modules/.bin/eslint .",
      "semantic-release": "semantic-release",
      "travis-deploy-once": "travis-deploy-once"
    },
    "pre-commit": [
      "eslint",
      "test"
    ],
    "release": {
      "verifyConditions": [
        "@semantic-release/github"
      ],
      "publish": [
        "@semantic-release/github"
      ]
    },
    "dependencies": {
      "dotenv": "^4.0.0",
      "raven": "^2.1.2",
      "ws": "^3.1.0"
    },
    "devDependencies": {
      "eslint": "^4.5.0",
      "pre-commit": "^1.2.2",
      "prettier": "^1.4.4",
      "yarn": "^0.24.6",
      "semantic-release": "^15.9.12",
      "travis-deploy-once": "^5.0.4"
    },
    "repository": {
      "type": "git",
      "url": "https://github.com/WesleyCharlesBlake/nodejs-websocket.git"
    }
  }

yarn manifest: 
  No manifest

Lockfile: 
  No lockfile

Trace: 
  Error: Command "commit" not found.
      at new MessageError (/usr/local/lib/node_modules/yarn/lib/cli.js:186:110)
      at /usr/local/lib/node_modules/yarn/lib/cli.js:87307:17
      at Generator.next (<anonymous>)
      at step (/usr/local/lib/node_modules/yarn/lib/cli.js:98:30)
      at /usr/local/lib/node_modules/yarn/lib/cli.js:116:14
      at new Promise (<anonymous>)
      at new F (/usr/local/lib/node_modules/yarn/lib/cli.js:23451:28)
      at /usr/local/lib/node_modules/yarn/lib/cli.js:95:12
      at runCommand (/usr/local/lib/node_modules/yarn/lib/cli.js:87312:22)
      at Object.<anonymous> (/usr/local/lib/node_modules/yarn/lib/cli.js:87412:14)
